<?xml version="1.0" encoding="UTF-8"?>
<testng-results skipped="0" failed="0" ignored="0" total="1" passed="1">
  <reporter-output>
  </reporter-output>
  <suite name="Default suite" duration-ms="30188" started-at="2017-07-12T05:34:49Z" finished-at="2017-07-12T05:35:20Z">
    <groups>
    </groups>
    <test name="Default test" duration-ms="30188" started-at="2017-07-12T05:34:49Z" finished-at="2017-07-12T05:35:20Z">
      <class name="New.Newtest1.times">
        <test-method status="PASS" signature="setUp()[pri:0, instance:New.Newtest1.times@322d26]" name="setUp" is-config="true" duration-ms="19484" started-at="2017-07-12T11:04:49Z" finished-at="2017-07-12T11:05:09Z">
          <reporter-output>
          </reporter-output>
        </test-method> <!-- setUp -->
        <test-method status="PASS" signature="testTimes()[pri:0, instance:New.Newtest1.times@322d26]" name="testTimes" duration-ms="4984" started-at="2017-07-12T11:05:09Z" finished-at="2017-07-12T11:05:14Z">
          <reporter-output>
          </reporter-output>
        </test-method> <!-- testTimes -->
        <test-method status="PASS" signature="tearDown()[pri:0, instance:New.Newtest1.times@322d26]" name="tearDown" is-config="true" duration-ms="5641" started-at="2017-07-12T11:05:14Z" finished-at="2017-07-12T11:05:20Z">
          <reporter-output>
          </reporter-output>
        </test-method> <!-- tearDown -->
      </class> <!-- New.Newtest1.times -->
    </test> <!-- Default test -->
  </suite> <!-- Default suite -->
</testng-results>
