<?xml version="1.0" encoding="UTF-8"?>
<testng-results skipped="0" failed="0" ignored="0" total="1" passed="1">
  <reporter-output>
  </reporter-output>
  <suite name="Default suite" duration-ms="15719" started-at="2017-07-12T04:52:37Z" finished-at="2017-07-12T04:52:53Z">
    <groups>
    </groups>
    <test name="Default test" duration-ms="15719" started-at="2017-07-12T04:52:37Z" finished-at="2017-07-12T04:52:53Z">
      <class name="examples.times">
        <test-method status="PASS" signature="setUp()[pri:0, instance:examples.times@968a59]" name="setUp" is-config="true" duration-ms="10062" started-at="2017-07-12T10:22:37Z" finished-at="2017-07-12T10:22:47Z">
          <reporter-output>
          </reporter-output>
        </test-method> <!-- setUp -->
        <test-method status="PASS" signature="testTimes()[pri:0, instance:examples.times@968a59]" name="testTimes" duration-ms="2750" started-at="2017-07-12T10:22:47Z" finished-at="2017-07-12T10:22:50Z">
          <reporter-output>
          </reporter-output>
        </test-method> <!-- testTimes -->
        <test-method status="PASS" signature="tearDown()[pri:0, instance:examples.times@968a59]" name="tearDown" is-config="true" duration-ms="2875" started-at="2017-07-12T10:22:50Z" finished-at="2017-07-12T10:22:53Z">
          <reporter-output>
          </reporter-output>
        </test-method> <!-- tearDown -->
      </class> <!-- examples.times -->
    </test> <!-- Default test -->
  </suite> <!-- Default suite -->
</testng-results>
