<?xml version="1.0" encoding="UTF-8"?>
<!-- Generated by org.testng.reporters.JUnitXMLReporter -->
<testsuite hostname="hd-4" ignored="2" name="Default test(failed)" tests="1" failures="1" timestamp="27 Jun 2017 06:23:06 GMT" time="0.078" errors="0">
  <testcase name="testCase2" time="0.031" classname="gmail.Signin">
    <failure type="java.lang.NullPointerException">
      <![CDATA[java.lang.NullPointerException
	at gmail.Signin.testCase2(Signin.java:57)
... Removed 25 stack frames]]>
    </failure>
  </testcase> <!-- testCase2 -->
  <testcase name="testCase3" time="0.0" classname="gmail.Signin">
    <ignored/>
  </testcase> <!-- testCase3 -->
  <testcase name="testCase1" time="0.0" classname="gmail.Signin">
    <ignored/>
  </testcase> <!-- testCase1 -->
</testsuite> <!-- Default test(failed) -->
