<?xml version="1.0" encoding="UTF-8"?>
<!-- Generated by org.testng.reporters.JUnitXMLReporter -->
<testsuite hostname="hd-4" ignored="1" name="Test" tests="6" failures="1" timestamp="27 Jun 2017 06:37:33 GMT" time="16.469" errors="0">
  <testcase name="testCaseFour" time="0.047" classname="gmail.gmailexample"/>
  <testcase name="testCaseOne" time="0.0" classname="gmail.gmailexample"/>
  <testcase name="testCaseThree" time="0.0" classname="gmail.gmailexample"/>
  <testcase name="testCaseTwo" time="0.0" classname="gmail.gmailexample"/>
  <testcase name="testCase1" time="16.219" classname="gmail.Signin"/>
  <testcase name="testCase2" time="0.0" classname="gmail.Signin">
    <failure type="java.lang.NullPointerException">
      <![CDATA[java.lang.NullPointerException
	at gmail.Signin.testCase2(Signin.java:57)
... Removed 25 stack frames]]>
    </failure>
  </testcase> <!-- testCase2 -->
  <testcase name="testCase3" time="0.0" classname="gmail.Signin">
    <ignored/>
  </testcase> <!-- testCase3 -->
</testsuite> <!-- Test -->
