<?xml version="1.0" encoding="UTF-8"?>
<!-- Generated by org.testng.reporters.JUnitXMLReporter -->
<testsuite hostname="hd-4" name="FirefoxTest" tests="1" failures="0" timestamp="19 Jul 2017 06:51:42 GMT" time="78.265" errors="0">
  <testcase name="@BeforeClass beforeTest" time="0.0" classname="example1.example1.paralleltesting">
    <failure type="org.openqa.selenium.WebDriverException" message="Failed to connect to binary FirefoxBinary(C:\Program Files\Mozilla Firefox\firefox.exe) on port 7055; process output follows: 
ovider: LightweightThemeManager
1500447031842	addons.manager	DEBUG	Registering shutdown blocker for LightweightThemeManager
1500447031842	addons.manager	DEBUG	Provider finished startup: LightweightThemeManager
1500447031843	addons.manager	DEBUG	Starting provider: GMPProvider
1500447031858	addons.manager	DEBUG	Registering shutdown blocker for GMPProvider
1500447031858	addons.manager	DEBUG	Provider finished startup: GMPProvider
1500447031859	addons.manager	DEBUG	Starting provider: PluginProvider
1500447031860	addons.manager	DEBUG	Registering shutdown blocker for PluginProvider
1500447031861	addons.manager	DEBUG	Provider finished startup: PluginProvider
1500447031862	addons.manager	DEBUG	Completed startup sequence
1500447037113	addons.manager	DEBUG	Starting provider: &amp;lt;unnamed-provider&amp;gt;
1500447037113	addons.manager	DEBUG	Registering shutdown blocker for &amp;lt;unnamed-provider&amp;gt;
1500447037114	addons.manager	DEBUG	Provider finished startup: &amp;lt;unnamed-provider&amp;gt;
Crash Annotation GraphicsCriticalError: |[0][GFX1]: [D3D9] insufficient capabilities (t=62.0246) [GFX1]: [D3D9] insufficient capabilities
Crash Annotation GraphicsCriticalError: |[0][GFX1]: [D3D9] insufficient capabilities (t=62.0246) |[1][GFX1]: [D3D9] Could not Initialize the DeviceManagerD3D9 (t=62.0246) [GFX1]: [D3D9] Could not Initialize the DeviceManagerD3D9
Crash Annotation GraphicsCriticalError: |[0][GFX1]: [D3D9] insufficient capabilities (t=62.0246) |[1][GFX1]: [D3D9] Could not Initialize the DeviceManagerD3D9 (t=62.0246) |[2][GFX1-]: [D3D9] Failed to init compositor with reason: FEATURE_FAILURE_D3D9_DEVICE_MANAGER (t=62.3038) [GFX1-]: [D3D9] Failed to init compositor with reason: FEATURE_FAILURE_D3D9_DEVICE_MANAGER
1500447049606	DeferredSave.extensions.json	DEBUG	Write succeeded
1500447049606	addons.xpi-utils	DEBUG	XPI Database saved, setting schema version preference to 19
1500447049607	DeferredSave.extensions.json	DEBUG	Starting timer
1500447049663	DeferredSave.extensions.json	DEBUG	Starting write
1500447049686	addons.repository	DEBUG	No addons.json found.
1500447049691	DeferredSave.addons.json	DEBUG	Save changes
1500447049718	DeferredSave.addons.json	DEBUG	Starting timer
1500447051661	addons.manager	DEBUG	Starting provider: PreviousExperimentProvider
1500447051661	addons.manager	DEBUG	Registering shutdown blocker for PreviousExperimentProvider
1500447051666	addons.manager	DEBUG	Provider finished startup: PreviousExperimentProvider
1500447051811	DeferredSave.addons.json	DEBUG	Starting write
1500447052114	DeferredSave.extensions.json	DEBUG	Write succeeded
1500447053328	DeferredSave.addons.json	DEBUG	Write succeeded
Crash Annotation GraphicsCriticalError: |[0][GFX1]: [D3D9] insufficient capabilities (t=62.0246) |[1][GFX1]: [D3D9] Could not Initialize the DeviceManagerD3D9 (t=62.0246) |[2][GFX1-]: [D3D9] Failed to init compositor with reason: FEATURE_FAILURE_D3D9_DEVICE_MANAGER (t=62.3038) |[3][GFX1]: [D3D9] insufficient capabilities (t=123.382) [GFX1]: [D3D9] insufficient capabilities
Crash Annotation GraphicsCriticalError: |[0][GFX1]: [D3D9] insufficient capabilities (t=62.0246) |[1][GFX1]: [D3D9] Could not Initialize the DeviceManagerD3D9 (t=62.0246) |[2][GFX1-]: [D3D9] Failed to init compositor with reason: FEATURE_FAILURE_D3D9_DEVICE_MANAGER (t=62.3038) |[3][GFX1]: [D3D9] insufficient capabilities (t=123.382) |[4][GFX1]: [D3D9] Could not Initialize the DeviceManagerD3D9 (t=123.55) [GFX1]: [D3D9] Could not Initialize the DeviceManagerD3D9
Crash Annotation GraphicsCriticalError: |[0][GFX1]: [D3D9] insufficient capabilities (t=62.0246) |[1][GFX1]: [D3D9] Could not Initialize the DeviceManagerD3D9 (t=62.0246) |[2][GFX1-]: [D3D9] Failed to init compositor with reason: FEATURE_FAILURE_D3D9_DEVICE_MANAGER (t=62.3038) |[3][GFX1]: [D3D9] insufficient capabilities (t=123.382) |[4][GFX1]: [D3D9] Could not Initialize the DeviceManagerD3D9 (t=123.55) |[5][GFX1-]: [D3D9] Failed to init compositor with reason: FEATURE_FAILURE_D3D9_DEVICE_MANAGER (t=123.55) [GFX1-]: [D3D9] Failed to init compositor with reason: FEATURE_FAILURE_D3D9_DEVICE_MANAGER

Build info: version: &amp;apos;2.53.0&amp;apos;, revision: &amp;apos;35ae25b1534ae328c771e0856c93e187490ca824&amp;apos;, time: &amp;apos;2016-03-15 10:43:46&amp;apos;
System info: host: &amp;apos;hd-4&amp;apos;, ip: &amp;apos;192.168.0.84&amp;apos;, os.name: &amp;apos;Windows XP&amp;apos;, os.arch: &amp;apos;x86&amp;apos;, os.version: &amp;apos;5.1&amp;apos;, java.version: &amp;apos;1.8.0_131&amp;apos;
Driver info: driver.version: FirefoxDriver">
      <![CDATA[org.openqa.selenium.WebDriverException: Failed to connect to binary FirefoxBinary(C:\Program Files\Mozilla Firefox\firefox.exe) on port 7055; process output follows: 
ovider: LightweightThemeManager
1500447031842	addons.manager	DEBUG	Registering shutdown blocker for LightweightThemeManager
1500447031842	addons.manager	DEBUG	Provider finished startup: LightweightThemeManager
1500447031843	addons.manager	DEBUG	Starting provider: GMPProvider
1500447031858	addons.manager	DEBUG	Registering shutdown blocker for GMPProvider
1500447031858	addons.manager	DEBUG	Provider finished startup: GMPProvider
1500447031859	addons.manager	DEBUG	Starting provider: PluginProvider
1500447031860	addons.manager	DEBUG	Registering shutdown blocker for PluginProvider
1500447031861	addons.manager	DEBUG	Provider finished startup: PluginProvider
1500447031862	addons.manager	DEBUG	Completed startup sequence
1500447037113	addons.manager	DEBUG	Starting provider: <unnamed-provider>
1500447037113	addons.manager	DEBUG	Registering shutdown blocker for <unnamed-provider>
1500447037114	addons.manager	DEBUG	Provider finished startup: <unnamed-provider>
Crash Annotation GraphicsCriticalError: |[0][GFX1]: [D3D9] insufficient capabilities (t=62.0246) [GFX1]: [D3D9] insufficient capabilities
Crash Annotation GraphicsCriticalError: |[0][GFX1]: [D3D9] insufficient capabilities (t=62.0246) |[1][GFX1]: [D3D9] Could not Initialize the DeviceManagerD3D9 (t=62.0246) [GFX1]: [D3D9] Could not Initialize the DeviceManagerD3D9
Crash Annotation GraphicsCriticalError: |[0][GFX1]: [D3D9] insufficient capabilities (t=62.0246) |[1][GFX1]: [D3D9] Could not Initialize the DeviceManagerD3D9 (t=62.0246) |[2][GFX1-]: [D3D9] Failed to init compositor with reason: FEATURE_FAILURE_D3D9_DEVICE_MANAGER (t=62.3038) [GFX1-]: [D3D9] Failed to init compositor with reason: FEATURE_FAILURE_D3D9_DEVICE_MANAGER
1500447049606	DeferredSave.extensions.json	DEBUG	Write succeeded
1500447049606	addons.xpi-utils	DEBUG	XPI Database saved, setting schema version preference to 19
1500447049607	DeferredSave.extensions.json	DEBUG	Starting timer
1500447049663	DeferredSave.extensions.json	DEBUG	Starting write
1500447049686	addons.repository	DEBUG	No addons.json found.
1500447049691	DeferredSave.addons.json	DEBUG	Save changes
1500447049718	DeferredSave.addons.json	DEBUG	Starting timer
1500447051661	addons.manager	DEBUG	Starting provider: PreviousExperimentProvider
1500447051661	addons.manager	DEBUG	Registering shutdown blocker for PreviousExperimentProvider
1500447051666	addons.manager	DEBUG	Provider finished startup: PreviousExperimentProvider
1500447051811	DeferredSave.addons.json	DEBUG	Starting write
1500447052114	DeferredSave.extensions.json	DEBUG	Write succeeded
1500447053328	DeferredSave.addons.json	DEBUG	Write succeeded
Crash Annotation GraphicsCriticalError: |[0][GFX1]: [D3D9] insufficient capabilities (t=62.0246) |[1][GFX1]: [D3D9] Could not Initialize the DeviceManagerD3D9 (t=62.0246) |[2][GFX1-]: [D3D9] Failed to init compositor with reason: FEATURE_FAILURE_D3D9_DEVICE_MANAGER (t=62.3038) |[3][GFX1]: [D3D9] insufficient capabilities (t=123.382) [GFX1]: [D3D9] insufficient capabilities
Crash Annotation GraphicsCriticalError: |[0][GFX1]: [D3D9] insufficient capabilities (t=62.0246) |[1][GFX1]: [D3D9] Could not Initialize the DeviceManagerD3D9 (t=62.0246) |[2][GFX1-]: [D3D9] Failed to init compositor with reason: FEATURE_FAILURE_D3D9_DEVICE_MANAGER (t=62.3038) |[3][GFX1]: [D3D9] insufficient capabilities (t=123.382) |[4][GFX1]: [D3D9] Could not Initialize the DeviceManagerD3D9 (t=123.55) [GFX1]: [D3D9] Could not Initialize the DeviceManagerD3D9
Crash Annotation GraphicsCriticalError: |[0][GFX1]: [D3D9] insufficient capabilities (t=62.0246) |[1][GFX1]: [D3D9] Could not Initialize the DeviceManagerD3D9 (t=62.0246) |[2][GFX1-]: [D3D9] Failed to init compositor with reason: FEATURE_FAILURE_D3D9_DEVICE_MANAGER (t=62.3038) |[3][GFX1]: [D3D9] insufficient capabilities (t=123.382) |[4][GFX1]: [D3D9] Could not Initialize the DeviceManagerD3D9 (t=123.55) |[5][GFX1-]: [D3D9] Failed to init compositor with reason: FEATURE_FAILURE_D3D9_DEVICE_MANAGER (t=123.55) [GFX1-]: [D3D9] Failed to init compositor with reason: FEATURE_FAILURE_D3D9_DEVICE_MANAGER

Build info: version: '2.53.0', revision: '35ae25b1534ae328c771e0856c93e187490ca824', time: '2016-03-15 10:43:46'
System info: host: 'hd-4', ip: '192.168.0.84', os.name: 'Windows XP', os.arch: 'x86', os.version: '5.1', java.version: '1.8.0_131'
Driver info: driver.version: FirefoxDriver
	at org.openqa.selenium.firefox.internal.NewProfileExtensionConnection.start(NewProfileExtensionConnection.java:125)
	at org.openqa.selenium.firefox.FirefoxDriver.startClient(FirefoxDriver.java:271)
	at org.openqa.selenium.remote.RemoteWebDriver.<init>(RemoteWebDriver.java:119)
	at org.openqa.selenium.firefox.FirefoxDriver.<init>(FirefoxDriver.java:216)
	at org.openqa.selenium.firefox.FirefoxDriver.<init>(FirefoxDriver.java:211)
	at org.openqa.selenium.firefox.FirefoxDriver.<init>(FirefoxDriver.java:207)
	at org.openqa.selenium.firefox.FirefoxDriver.<init>(FirefoxDriver.java:120)
	at example1.example1.paralleltesting.beforeTest(paralleltesting.java:36)
	at java.util.concurrent.FutureTask.run(FutureTask.java:266)
	at java.util.concurrent.ThreadPoolExecutor.runWorker(ThreadPoolExecutor.java:1142)
	at java.util.concurrent.ThreadPoolExecutor$Worker.run(ThreadPoolExecutor.java:617)
	at java.lang.Thread.run(Thread.java:748)
Caused by: org.openqa.selenium.firefox.NotConnectedException: Unable to connect to host localhost on port 7055 after 45000 ms. Firefox console output:
ovider: LightweightThemeManager
1500447031842	addons.manager	DEBUG	Registering shutdown blocker for LightweightThemeManager
1500447031842	addons.manager	DEBUG	Provider finished startup: LightweightThemeManager
1500447031843	addons.manager	DEBUG	Starting provider: GMPProvider
1500447031858	addons.manager	DEBUG	Registering shutdown blocker for GMPProvider
1500447031858	addons.manager	DEBUG	Provider finished startup: GMPProvider
1500447031859	addons.manager	DEBUG	Starting provider: PluginProvider
1500447031860	addons.manager	DEBUG	Registering shutdown blocker for PluginProvider
1500447031861	addons.manager	DEBUG	Provider finished startup: PluginProvider
1500447031862	addons.manager	DEBUG	Completed startup sequence
1500447037113	addons.manager	DEBUG	Starting provider: <unnamed-provider>
1500447037113	addons.manager	DEBUG	Registering shutdown blocker for <unnamed-provider>
1500447037114	addons.manager	DEBUG	Provider finished startup: <unnamed-provider>
Crash Annotation GraphicsCriticalError: |[0][GFX1]: [D3D9] insufficient capabilities (t=62.0246) [GFX1]: [D3D9] insufficient capabilities
Crash Annotation GraphicsCriticalError: |[0][GFX1]: [D3D9] insufficient capabilities (t=62.0246) |[1][GFX1]: [D3D9] Could not Initialize the DeviceManagerD3D9 (t=62.0246) [GFX1]: [D3D9] Could not Initialize the DeviceManagerD3D9
Crash Annotation GraphicsCriticalError: |[0][GFX1]: [D3D9] insufficient capabilities (t=62.0246) |[1][GFX1]: [D3D9] Could not Initialize the DeviceManagerD3D9 (t=62.0246) |[2][GFX1-]: [D3D9] Failed to init compositor with reason: FEATURE_FAILURE_D3D9_DEVICE_MANAGER (t=62.3038) [GFX1-]: [D3D9] Failed to init compositor with reason: FEATURE_FAILURE_D3D9_DEVICE_MANAGER
1500447049606	DeferredSave.extensions.json	DEBUG	Write succeeded
1500447049606	addons.xpi-utils	DEBUG	XPI Database saved, setting schema version preference to 19
1500447049607	DeferredSave.extensions.json	DEBUG	Starting timer
1500447049663	DeferredSave.extensions.json	DEBUG	Starting write
1500447049686	addons.repository	DEBUG	No addons.json found.
1500447049691	DeferredSave.addons.json	DEBUG	Save changes
1500447049718	DeferredSave.addons.json	DEBUG	Starting timer
1500447051661	addons.manager	DEBUG	Starting provider: PreviousExperimentProvider
1500447051661	addons.manager	DEBUG	Registering shutdown blocker for PreviousExperimentProvider
1500447051666	addons.manager	DEBUG	Provider finished startup: PreviousExperimentProvider
1500447051811	DeferredSave.addons.json	DEBUG	Starting write
1500447052114	DeferredSave.extensions.json	DEBUG	Write succeeded
1500447053328	DeferredSave.addons.json	DEBUG	Write succeeded
Crash Annotation GraphicsCriticalError: |[0][GFX1]: [D3D9] insufficient capabilities (t=62.0246) |[1][GFX1]: [D3D9] Could not Initialize the DeviceManagerD3D9 (t=62.0246) |[2][GFX1-]: [D3D9] Failed to init compositor with reason: FEATURE_FAILURE_D3D9_DEVICE_MANAGER (t=62.3038) |[3][GFX1]: [D3D9] insufficient capabilities (t=123.382) [GFX1]: [D3D9] insufficient capabilities
Crash Annotation GraphicsCriticalError: |[0][GFX1]: [D3D9] insufficient capabilities (t=62.0246) |[1][GFX1]: [D3D9] Could not Initialize the DeviceManagerD3D9 (t=62.0246) |[2][GFX1-]: [D3D9] Failed to init compositor with reason: FEATURE_FAILURE_D3D9_DEVICE_MANAGER (t=62.3038) |[3][GFX1]: [D3D9] insufficient capabilities (t=123.382) |[4][GFX1]: [D3D9] Could not Initialize the DeviceManagerD3D9 (t=123.55) [GFX1]: [D3D9] Could not Initialize the DeviceManagerD3D9
Crash Annotation GraphicsCriticalError: |[0][GFX1]: [D3D9] insufficient capabilities (t=62.0246) |[1][GFX1]: [D3D9] Could not Initialize the DeviceManagerD3D9 (t=62.0246) |[2][GFX1-]: [D3D9] Failed to init compositor with reason: FEATURE_FAILURE_D3D9_DEVICE_MANAGER (t=62.3038) |[3][GFX1]: [D3D9] insufficient capabilities (t=123.382) |[4][GFX1]: [D3D9] Could not Initialize the DeviceManagerD3D9 (t=123.55) |[5][GFX1-]: [D3D9] Failed to init compositor with reason: FEATURE_FAILURE_D3D9_DEVICE_MANAGER (t=123.55) [GFX1-]: [D3D9] Failed to init compositor with reason: FEATURE_FAILURE_D3D9_DEVICE_MANAGER

	at org.openqa.selenium.firefox.internal.NewProfileExtensionConnection.start(NewProfileExtensionConnection.java:113)
	... 27 more
... Removed 16 stack frames]]>
    </failure>
  </testcase> <!-- @BeforeClass beforeTest -->
  <testcase name="@AfterClass afterTest" time="0.0" classname="example1.example1.paralleltesting">
    <skipped/>
  </testcase> <!-- @AfterClass afterTest -->
  <testcase name="login" time="0.047" classname="example1.example1.paralleltesting">
    <skipped/>
  </testcase> <!-- login -->
</testsuite> <!-- FirefoxTest -->
