<?xml version="1.0" encoding="UTF-8"?>
<testng-results skipped="0" failed="0" ignored="0" total="1" passed="1">
  <reporter-output>
  </reporter-output>
  <suite name="Default suite" duration-ms="110" started-at="2017-07-14T08:44:39Z" finished-at="2017-07-14T08:44:39Z">
    <groups>
    </groups>
    <test name="Default test" duration-ms="110" started-at="2017-07-14T08:44:39Z" finished-at="2017-07-14T08:44:39Z">
      <class name="demo.myprogram">
        <test-method status="PASS" signature="f()[pri:0, instance:demo.myprogram@1832929]" name="f" duration-ms="31" started-at="2017-07-14T14:14:39Z" finished-at="2017-07-14T14:14:39Z">
          <reporter-output>
          </reporter-output>
        </test-method> <!-- f -->
      </class> <!-- demo.myprogram -->
    </test> <!-- Default test -->
  </suite> <!-- Default suite -->
</testng-results>
