<?xml version="1.0" encoding="UTF-8"?>
<testng-results skipped="0" failed="0" ignored="0" total="1" passed="1">
  <reporter-output>
  </reporter-output>
  <suite name="Default suite" duration-ms="22360" started-at="2017-07-04T10:13:43Z" finished-at="2017-07-04T10:14:05Z">
    <groups>
    </groups>
    <test name="Default test" duration-ms="22360" started-at="2017-07-04T10:13:43Z" finished-at="2017-07-04T10:14:05Z">
      <class name="pop.popup">
        <test-method status="PASS" signature="setup()[pri:0, instance:pop.popup@198378d]" name="setup" is-config="true" duration-ms="8141" started-at="2017-07-04T15:43:43Z" finished-at="2017-07-04T15:43:51Z">
          <reporter-output>
          </reporter-output>
        </test-method> <!-- setup -->
        <test-method status="PASS" signature="Text3()[pri:0, instance:pop.popup@198378d]" name="Text3" duration-ms="10375" started-at="2017-07-04T15:43:51Z" finished-at="2017-07-04T15:44:01Z">
          <reporter-output>
          </reporter-output>
        </test-method> <!-- Text3 -->
        <test-method status="PASS" signature="tearDown()[pri:0, instance:pop.popup@198378d]" name="tearDown" is-config="true" duration-ms="3813" started-at="2017-07-04T15:44:01Z" finished-at="2017-07-04T15:44:05Z">
          <reporter-output>
          </reporter-output>
        </test-method> <!-- tearDown -->
      </class> <!-- pop.popup -->
    </test> <!-- Default test -->
  </suite> <!-- Default suite -->
</testng-results>
