<?xml version="1.0" encoding="UTF-8"?>
<!-- Generated by org.testng.reporters.JUnitXMLReporter -->
<testsuite hostname="hd-4" ignored="0" name="Regression suite 1" tests="4" failures="0" timestamp="26 Jun 2017 08:20:11 GMT" time="0.078" errors="0">
  <testcase name="firstTestCase" time="0.031" classname="samples.exam1"/>
  <testcase name="secondTestCase" time="0.0" classname="samples.exam1"/>
  <testcase name="firstTestCase" time="0.0" classname="samples.exam2"/>
  <testcase name="secondTestCase" time="0.0" classname="samples.exam2"/>
</testsuite> <!-- Regression suite 1 -->
