<?xml version="1.0" encoding="UTF-8"?>
<!-- Generated by org.testng.reporters.JUnitXMLReporter -->
<testsuite hostname="hd-4" ignored="1" name="Default test" tests="2" failures="0" timestamp="21 Jul 2017 09:12:34 GMT" time="0.078" errors="0">
  <testcase name="OpenBrowser" time="0.032" classname="obj1.dependent"/>
  <testcase name="ZSignIn" time="0.0" classname="obj1.dependent"/>
  <testcase name="LogOut" time="0.0" classname="obj1.dependent">
    <ignored/>
  </testcase> <!-- LogOut -->
</testsuite> <!-- Default test -->
