<?xml version="1.0" encoding="UTF-8"?>
<!-- Generated by org.testng.reporters.JUnitXMLReporter -->
<testsuite hostname="AG300617-9" ignored="0" name="Test" tests="6" failures="0" timestamp="12 Sep 2017 08:15:27 GMT" time="489.837" errors="0">
  <testcase name="Replacedoc" time="100.418" classname="Testcase.TestCases"/>
  <testcase name="delete" time="125.364" classname="Testcase.TestCases"/>
  <testcase name="features" time="81.853" classname="Testcase.TestCases"/>
  <testcase name="fetch" time="58.55" classname="Testcase.TestCases"/>
  <testcase name="forward" time="46.444" classname="Testcase.TestCases"/>
  <testcase name="listing" time="64.878" classname="Testcase.TestCases"/>
</testsuite> <!-- Test -->
