<?xml version="1.0" encoding="UTF-8"?>
<testng-results skipped="0" failed="2" total="6" passed="4">
  <reporter-output>
  </reporter-output>
  <suite name="Parallel test suite" duration-ms="22485" started-at="2017-07-19T08:37:53Z" finished-at="2017-07-19T08:38:16Z">
    <groups>
    </groups>
    <test name="Firefox Test" duration-ms="125" started-at="2017-07-19T08:37:53Z" finished-at="2017-07-19T08:37:53Z">
      <class name="example1.example1.parallelseleniumcode">
        <test-method status="PASS" signature="openBrowser(java.lang.String)[pri:0, instance:example1.example1.parallelseleniumcode@c285f4]" name="openBrowser" is-config="true" duration-ms="47" started-at="2017-07-19T14:07:53Z" finished-at="2017-07-19T14:07:53Z">
          <params>
            <param index="0">
              <value>
                <![CDATA[Firefox]]>
              </value>
            </param>
          </params>
          <reporter-output>
          </reporter-output>
        </test-method> <!-- openBrowser -->
        <test-method status="FAIL" signature="login_TestCase()[pri:0, instance:example1.example1.parallelseleniumcode@c285f4]" name="login_TestCase" duration-ms="31" started-at="2017-07-19T14:07:53Z" finished-at="2017-07-19T14:07:53Z">
          <exception class="java.lang.NullPointerException">
            <full-stacktrace>
              <![CDATA[java.lang.NullPointerException
	at example1.example1.parallelseleniumcode.login_TestCase(parallelseleniumcode.java:52)
	at sun.reflect.NativeMethodAccessorImpl.invoke0(Native Method)
	at sun.reflect.NativeMethodAccessorImpl.invoke(NativeMethodAccessorImpl.java:62)
	at sun.reflect.DelegatingMethodAccessorImpl.invoke(DelegatingMethodAccessorImpl.java:43)
	at java.lang.reflect.Method.invoke(Method.java:498)
	at org.testng.internal.MethodInvocationHelper.invokeMethod(MethodInvocationHelper.java:86)
	at org.testng.internal.Invoker.invokeMethod(Invoker.java:643)
	at org.testng.internal.Invoker.invokeTestMethod(Invoker.java:820)
	at org.testng.internal.Invoker.invokeTestMethods(Invoker.java:1128)
	at org.testng.internal.TestMethodWorker.invokeTestMethods(TestMethodWorker.java:129)
	at org.testng.internal.TestMethodWorker.run(TestMethodWorker.java:112)
	at org.testng.TestRunner.privateRun(TestRunner.java:782)
	at org.testng.TestRunner.run(TestRunner.java:632)
	at org.testng.SuiteRunner.runTest(SuiteRunner.java:366)
	at org.testng.SuiteRunner.access$000(SuiteRunner.java:39)
	at org.testng.SuiteRunner$SuiteWorker.run(SuiteRunner.java:400)
	at org.testng.internal.thread.ThreadUtil$2.call(ThreadUtil.java:64)
	at java.util.concurrent.FutureTask.run(FutureTask.java:266)
	at java.util.concurrent.ThreadPoolExecutor.runWorker(ThreadPoolExecutor.java:1142)
	at java.util.concurrent.ThreadPoolExecutor$Worker.run(ThreadPoolExecutor.java:617)
	at java.lang.Thread.run(Thread.java:748)
]]>
            </full-stacktrace>
          </exception> <!-- java.lang.NullPointerException -->
          <reporter-output>
          </reporter-output>
        </test-method> <!-- login_TestCase -->
        <test-method status="FAIL" signature="closeBrowser()[pri:0, instance:example1.example1.parallelseleniumcode@c285f4]" name="closeBrowser" is-config="true" duration-ms="0" started-at="2017-07-19T14:07:53Z" finished-at="2017-07-19T14:07:53Z">
          <exception class="java.lang.NullPointerException">
            <full-stacktrace>
              <![CDATA[java.lang.NullPointerException
	at example1.example1.parallelseleniumcode.closeBrowser(parallelseleniumcode.java:78)
	at sun.reflect.NativeMethodAccessorImpl.invoke0(Native Method)
	at sun.reflect.NativeMethodAccessorImpl.invoke(NativeMethodAccessorImpl.java:62)
	at sun.reflect.DelegatingMethodAccessorImpl.invoke(DelegatingMethodAccessorImpl.java:43)
	at java.lang.reflect.Method.invoke(Method.java:498)
	at org.testng.internal.MethodInvocationHelper.invokeMethod(MethodInvocationHelper.java:86)
	at org.testng.internal.Invoker.invokeConfigurationMethod(Invoker.java:514)
	at org.testng.internal.Invoker.invokeConfigurations(Invoker.java:215)
	at org.testng.internal.Invoker.invokeConfigurations(Invoker.java:142)
	at org.testng.TestRunner.afterRun(TestRunner.java:1012)
	at org.testng.TestRunner.run(TestRunner.java:636)
	at org.testng.SuiteRunner.runTest(SuiteRunner.java:366)
	at org.testng.SuiteRunner.access$000(SuiteRunner.java:39)
	at org.testng.SuiteRunner$SuiteWorker.run(SuiteRunner.java:400)
	at org.testng.internal.thread.ThreadUtil$2.call(ThreadUtil.java:64)
	at java.util.concurrent.FutureTask.run(FutureTask.java:266)
	at java.util.concurrent.ThreadPoolExecutor.runWorker(ThreadPoolExecutor.java:1142)
	at java.util.concurrent.ThreadPoolExecutor$Worker.run(ThreadPoolExecutor.java:617)
	at java.lang.Thread.run(Thread.java:748)
]]>
            </full-stacktrace>
          </exception> <!-- java.lang.NullPointerException -->
          <reporter-output>
          </reporter-output>
        </test-method> <!-- closeBrowser -->
        <test-method status="FAIL" signature="search_TestCase()[pri:0, instance:example1.example1.parallelseleniumcode@c285f4]" name="search_TestCase" duration-ms="0" started-at="2017-07-19T14:07:53Z" finished-at="2017-07-19T14:07:53Z">
          <exception class="java.lang.NullPointerException">
            <full-stacktrace>
              <![CDATA[java.lang.NullPointerException
	at example1.example1.parallelseleniumcode.search_TestCase(parallelseleniumcode.java:68)
	at sun.reflect.NativeMethodAccessorImpl.invoke0(Native Method)
	at sun.reflect.NativeMethodAccessorImpl.invoke(NativeMethodAccessorImpl.java:62)
	at sun.reflect.DelegatingMethodAccessorImpl.invoke(DelegatingMethodAccessorImpl.java:43)
	at java.lang.reflect.Method.invoke(Method.java:498)
	at org.testng.internal.MethodInvocationHelper.invokeMethod(MethodInvocationHelper.java:86)
	at org.testng.internal.Invoker.invokeMethod(Invoker.java:643)
	at org.testng.internal.Invoker.invokeTestMethod(Invoker.java:820)
	at org.testng.internal.Invoker.invokeTestMethods(Invoker.java:1128)
	at org.testng.internal.TestMethodWorker.invokeTestMethods(TestMethodWorker.java:129)
	at org.testng.internal.TestMethodWorker.run(TestMethodWorker.java:112)
	at org.testng.TestRunner.privateRun(TestRunner.java:782)
	at org.testng.TestRunner.run(TestRunner.java:632)
	at org.testng.SuiteRunner.runTest(SuiteRunner.java:366)
	at org.testng.SuiteRunner.access$000(SuiteRunner.java:39)
	at org.testng.SuiteRunner$SuiteWorker.run(SuiteRunner.java:400)
	at org.testng.internal.thread.ThreadUtil$2.call(ThreadUtil.java:64)
	at java.util.concurrent.FutureTask.run(FutureTask.java:266)
	at java.util.concurrent.ThreadPoolExecutor.runWorker(ThreadPoolExecutor.java:1142)
	at java.util.concurrent.ThreadPoolExecutor$Worker.run(ThreadPoolExecutor.java:617)
	at java.lang.Thread.run(Thread.java:748)
]]>
            </full-stacktrace>
          </exception> <!-- java.lang.NullPointerException -->
          <reporter-output>
          </reporter-output>
        </test-method> <!-- search_TestCase -->
      </class> <!-- example1.example1.parallelseleniumcode -->
    </test> <!-- Firefox Test -->
    <test name="Chrome Test" duration-ms="21235" started-at="2017-07-19T08:37:53Z" finished-at="2017-07-19T08:38:14Z">
      <class name="example1.example1.parallelseleniumcode">
        <test-method status="PASS" signature="openBrowser(java.lang.String)[pri:0, instance:example1.example1.parallelseleniumcode@1c62251]" name="openBrowser" is-config="true" duration-ms="9875" started-at="2017-07-19T14:07:53Z" finished-at="2017-07-19T14:08:03Z">
          <params>
            <param index="0">
              <value>
                <![CDATA[chrome]]>
              </value>
            </param>
          </params>
          <reporter-output>
          </reporter-output>
        </test-method> <!-- openBrowser -->
        <test-method status="PASS" signature="login_TestCase()[pri:0, instance:example1.example1.parallelseleniumcode@1c62251]" name="login_TestCase" duration-ms="8172" started-at="2017-07-19T14:08:03Z" finished-at="2017-07-19T14:08:11Z">
          <reporter-output>
          </reporter-output>
        </test-method> <!-- login_TestCase -->
        <test-method status="PASS" signature="search_TestCase()[pri:0, instance:example1.example1.parallelseleniumcode@1c62251]" name="search_TestCase" duration-ms="1219" started-at="2017-07-19T14:08:11Z" finished-at="2017-07-19T14:08:12Z">
          <reporter-output>
          </reporter-output>
        </test-method> <!-- search_TestCase -->
        <test-method status="PASS" signature="closeBrowser()[pri:0, instance:example1.example1.parallelseleniumcode@1c62251]" name="closeBrowser" is-config="true" duration-ms="1922" started-at="2017-07-19T14:08:12Z" finished-at="2017-07-19T14:08:14Z">
          <reporter-output>
          </reporter-output>
        </test-method> <!-- closeBrowser -->
      </class> <!-- example1.example1.parallelseleniumcode -->
    </test> <!-- Chrome Test -->
    <test name="Internet Explorer Test" duration-ms="22485" started-at="2017-07-19T08:37:53Z" finished-at="2017-07-19T08:38:16Z">
      <class name="example1.example1.parallelseleniumcode">
        <test-method status="PASS" signature="openBrowser(java.lang.String)[pri:0, instance:example1.example1.parallelseleniumcode@1ce4f0a]" name="openBrowser" is-config="true" duration-ms="8735" started-at="2017-07-19T14:07:53Z" finished-at="2017-07-19T14:08:02Z">
          <params>
            <param index="0">
              <value>
                <![CDATA[IE]]>
              </value>
            </param>
          </params>
          <reporter-output>
          </reporter-output>
        </test-method> <!-- openBrowser -->
        <test-method status="PASS" signature="login_TestCase()[pri:0, instance:example1.example1.parallelseleniumcode@1ce4f0a]" name="login_TestCase" duration-ms="12359" started-at="2017-07-19T14:08:02Z" finished-at="2017-07-19T14:08:14Z">
          <reporter-output>
          </reporter-output>
        </test-method> <!-- login_TestCase -->
        <test-method status="PASS" signature="search_TestCase()[pri:0, instance:example1.example1.parallelseleniumcode@1ce4f0a]" name="search_TestCase" duration-ms="688" started-at="2017-07-19T14:08:14Z" finished-at="2017-07-19T14:08:15Z">
          <reporter-output>
          </reporter-output>
        </test-method> <!-- search_TestCase -->
        <test-method status="PASS" signature="closeBrowser()[pri:0, instance:example1.example1.parallelseleniumcode@1ce4f0a]" name="closeBrowser" is-config="true" duration-ms="672" started-at="2017-07-19T14:08:15Z" finished-at="2017-07-19T14:08:16Z">
          <reporter-output>
          </reporter-output>
        </test-method> <!-- closeBrowser -->
      </class> <!-- example1.example1.parallelseleniumcode -->
    </test> <!-- Internet Explorer Test -->
  </suite> <!-- Parallel test suite -->
</testng-results>
