<?xml version="1.0" encoding="UTF-8"?>
<!-- Generated by org.testng.reporters.JUnitXMLReporter -->
<testsuite hostname="hd-4" name="Firefox Test" tests="2" failures="2" timestamp="19 Jul 2017 08:37:54 GMT" time="0.125" errors="0">
  <testcase name="@AfterTest closeBrowser" time="0.0" classname="example1.example1.parallelseleniumcode">
    <failure type="java.lang.NullPointerException">
      <![CDATA[java.lang.NullPointerException
	at example1.example1.parallelseleniumcode.closeBrowser(parallelseleniumcode.java:78)
	at java.util.concurrent.FutureTask.run(FutureTask.java:266)
	at java.util.concurrent.ThreadPoolExecutor.runWorker(ThreadPoolExecutor.java:1142)
	at java.util.concurrent.ThreadPoolExecutor$Worker.run(ThreadPoolExecutor.java:617)
	at java.lang.Thread.run(Thread.java:748)
... Removed 14 stack frames]]>
    </failure>
  </testcase> <!-- @AfterTest closeBrowser -->
  <testcase name="login_TestCase" time="0.031" classname="example1.example1.parallelseleniumcode">
    <failure type="java.lang.NullPointerException">
      <![CDATA[java.lang.NullPointerException
	at example1.example1.parallelseleniumcode.login_TestCase(parallelseleniumcode.java:52)
	at java.util.concurrent.FutureTask.run(FutureTask.java:266)
	at java.util.concurrent.ThreadPoolExecutor.runWorker(ThreadPoolExecutor.java:1142)
	at java.util.concurrent.ThreadPoolExecutor$Worker.run(ThreadPoolExecutor.java:617)
	at java.lang.Thread.run(Thread.java:748)
... Removed 16 stack frames]]>
    </failure>
  </testcase> <!-- login_TestCase -->
  <testcase name="search_TestCase" time="0.0" classname="example1.example1.parallelseleniumcode">
    <failure type="java.lang.NullPointerException">
      <![CDATA[java.lang.NullPointerException
	at example1.example1.parallelseleniumcode.search_TestCase(parallelseleniumcode.java:68)
	at java.util.concurrent.FutureTask.run(FutureTask.java:266)
	at java.util.concurrent.ThreadPoolExecutor.runWorker(ThreadPoolExecutor.java:1142)
	at java.util.concurrent.ThreadPoolExecutor$Worker.run(ThreadPoolExecutor.java:617)
	at java.lang.Thread.run(Thread.java:748)
... Removed 16 stack frames]]>
    </failure>
  </testcase> <!-- search_TestCase -->
</testsuite> <!-- Firefox Test -->
