<?xml version="1.0" encoding="UTF-8"?>
<testng-results skipped="0" failed="0" ignored="0" total="6" passed="6">
  <reporter-output>
  </reporter-output>
  <suite name="Suite" duration-ms="489837" started-at="2017-09-12T08:07:17Z" finished-at="2017-09-12T08:15:27Z">
    <groups>
    </groups>
    <test name="Test" duration-ms="489837" started-at="2017-09-12T08:07:17Z" finished-at="2017-09-12T08:15:27Z">
      <class name="Testcase.TestCases">
        <test-method status="PASS" signature="beforeMethod(java.lang.reflect.Method)[pri:0, instance:Testcase.TestCases@b9afc07]" name="beforeMethod" is-config="true" duration-ms="0" started-at="2017-09-12T13:37:17Z" finished-at="2017-09-12T13:37:17Z">
          <params>
            <param index="0">
              <value>
                <![CDATA[public void Testcase.TestCases.Replacedoc() throws java.lang.Exception]]>
              </value>
            </param>
          </params>
          <reporter-output>
          </reporter-output>
        </test-method> <!-- beforeMethod -->
        <test-method status="PASS" signature="a()[pri:0, instance:Testcase.TestCases@b9afc07]" name="a" is-config="true" duration-ms="2499" started-at="2017-09-12T13:37:17Z" finished-at="2017-09-12T13:37:20Z">
          <reporter-output>
          </reporter-output>
        </test-method> <!-- a -->
        <test-method status="PASS" signature="Replacedoc()[pri:0, instance:Testcase.TestCases@b9afc07]" name="Replacedoc" duration-ms="100418" started-at="2017-09-12T13:37:20Z" finished-at="2017-09-12T13:39:00Z">
          <reporter-output>
          </reporter-output>
        </test-method> <!-- Replacedoc -->
        <test-method status="PASS" signature="afterMethod(org.testng.ITestResult)[pri:0, instance:Testcase.TestCases@b9afc07]" name="afterMethod" is-config="true" duration-ms="0" started-at="2017-09-12T13:39:00Z" finished-at="2017-09-12T13:39:00Z">
          <params>
            <param index="0">
              <value>
                <![CDATA[[TestResult name=Replacedoc status=SUCCESS method=TestCases.Replacedoc()[pri:0, instance:Testcase.TestCases@b9afc07] output={null}]]]>
              </value>
            </param>
          </params>
          <reporter-output>
          </reporter-output>
        </test-method> <!-- afterMethod -->
        <test-method status="PASS" signature="a()[pri:0, instance:Testcase.TestCases@b9afc07]" name="a" is-config="true" duration-ms="1917" started-at="2017-09-12T13:39:00Z" finished-at="2017-09-12T13:39:02Z">
          <reporter-output>
          </reporter-output>
        </test-method> <!-- a -->
        <test-method status="PASS" signature="beforeMethod(java.lang.reflect.Method)[pri:0, instance:Testcase.TestCases@b9afc07]" name="beforeMethod" is-config="true" duration-ms="0" started-at="2017-09-12T13:39:00Z" finished-at="2017-09-12T13:39:00Z">
          <params>
            <param index="0">
              <value>
                <![CDATA[public void Testcase.TestCases.delete() throws java.lang.Exception]]>
              </value>
            </param>
          </params>
          <reporter-output>
          </reporter-output>
        </test-method> <!-- beforeMethod -->
        <test-method status="PASS" signature="delete()[pri:0, instance:Testcase.TestCases@b9afc07]" name="delete" duration-ms="125364" started-at="2017-09-12T13:39:02Z" finished-at="2017-09-12T13:41:08Z">
          <reporter-output>
          </reporter-output>
        </test-method> <!-- delete -->
        <test-method status="PASS" signature="a()[pri:0, instance:Testcase.TestCases@b9afc07]" name="a" is-config="true" duration-ms="1933" started-at="2017-09-12T13:41:08Z" finished-at="2017-09-12T13:41:09Z">
          <reporter-output>
          </reporter-output>
        </test-method> <!-- a -->
        <test-method status="PASS" signature="beforeMethod(java.lang.reflect.Method)[pri:0, instance:Testcase.TestCases@b9afc07]" name="beforeMethod" is-config="true" duration-ms="0" started-at="2017-09-12T13:41:08Z" finished-at="2017-09-12T13:41:08Z">
          <params>
            <param index="0">
              <value>
                <![CDATA[public void Testcase.TestCases.features() throws java.lang.Exception]]>
              </value>
            </param>
          </params>
          <reporter-output>
          </reporter-output>
        </test-method> <!-- beforeMethod -->
        <test-method status="PASS" signature="afterMethod(org.testng.ITestResult)[pri:0, instance:Testcase.TestCases@b9afc07]" name="afterMethod" is-config="true" duration-ms="0" started-at="2017-09-12T13:41:08Z" finished-at="2017-09-12T13:41:08Z">
          <params>
            <param index="0">
              <value>
                <![CDATA[[TestResult name=delete status=SUCCESS method=TestCases.delete()[pri:0, instance:Testcase.TestCases@b9afc07] output={null}]]]>
              </value>
            </param>
          </params>
          <reporter-output>
          </reporter-output>
        </test-method> <!-- afterMethod -->
        <test-method status="PASS" signature="features()[pri:0, instance:Testcase.TestCases@b9afc07]" name="features" duration-ms="81853" started-at="2017-09-12T13:41:09Z" finished-at="2017-09-12T13:42:31Z">
          <reporter-output>
          </reporter-output>
        </test-method> <!-- features -->
        <test-method status="PASS" signature="a()[pri:0, instance:Testcase.TestCases@b9afc07]" name="a" is-config="true" duration-ms="1914" started-at="2017-09-12T13:42:31Z" finished-at="2017-09-12T13:42:33Z">
          <reporter-output>
          </reporter-output>
        </test-method> <!-- a -->
        <test-method status="PASS" signature="afterMethod(org.testng.ITestResult)[pri:0, instance:Testcase.TestCases@b9afc07]" name="afterMethod" is-config="true" duration-ms="0" started-at="2017-09-12T13:42:31Z" finished-at="2017-09-12T13:42:31Z">
          <params>
            <param index="0">
              <value>
                <![CDATA[[TestResult name=features status=SUCCESS method=TestCases.features()[pri:0, instance:Testcase.TestCases@b9afc07] output={null}]]]>
              </value>
            </param>
          </params>
          <reporter-output>
          </reporter-output>
        </test-method> <!-- afterMethod -->
        <test-method status="PASS" signature="beforeMethod(java.lang.reflect.Method)[pri:0, instance:Testcase.TestCases@b9afc07]" name="beforeMethod" is-config="true" duration-ms="0" started-at="2017-09-12T13:42:31Z" finished-at="2017-09-12T13:42:31Z">
          <params>
            <param index="0">
              <value>
                <![CDATA[public void Testcase.TestCases.fetch() throws java.lang.Exception]]>
              </value>
            </param>
          </params>
          <reporter-output>
          </reporter-output>
        </test-method> <!-- beforeMethod -->
        <test-method status="PASS" signature="fetch()[pri:0, instance:Testcase.TestCases@b9afc07]" name="fetch" duration-ms="58550" started-at="2017-09-12T13:42:33Z" finished-at="2017-09-12T13:43:32Z">
          <reporter-output>
          </reporter-output>
        </test-method> <!-- fetch -->
        <test-method status="PASS" signature="afterMethod(org.testng.ITestResult)[pri:0, instance:Testcase.TestCases@b9afc07]" name="afterMethod" is-config="true" duration-ms="0" started-at="2017-09-12T13:43:32Z" finished-at="2017-09-12T13:43:32Z">
          <params>
            <param index="0">
              <value>
                <![CDATA[[TestResult name=fetch status=SUCCESS method=TestCases.fetch()[pri:0, instance:Testcase.TestCases@b9afc07] output={null}]]]>
              </value>
            </param>
          </params>
          <reporter-output>
          </reporter-output>
        </test-method> <!-- afterMethod -->
        <test-method status="PASS" signature="a()[pri:0, instance:Testcase.TestCases@b9afc07]" name="a" is-config="true" duration-ms="1924" started-at="2017-09-12T13:43:32Z" finished-at="2017-09-12T13:43:34Z">
          <reporter-output>
          </reporter-output>
        </test-method> <!-- a -->
        <test-method status="PASS" signature="beforeMethod(java.lang.reflect.Method)[pri:0, instance:Testcase.TestCases@b9afc07]" name="beforeMethod" is-config="true" duration-ms="0" started-at="2017-09-12T13:43:32Z" finished-at="2017-09-12T13:43:32Z">
          <params>
            <param index="0">
              <value>
                <![CDATA[public void Testcase.TestCases.forward() throws java.lang.Exception]]>
              </value>
            </param>
          </params>
          <reporter-output>
          </reporter-output>
        </test-method> <!-- beforeMethod -->
        <test-method status="PASS" signature="forward()[pri:0, instance:Testcase.TestCases@b9afc07]" name="forward" duration-ms="46444" started-at="2017-09-12T13:43:34Z" finished-at="2017-09-12T13:44:20Z">
          <reporter-output>
          </reporter-output>
        </test-method> <!-- forward -->
        <test-method status="PASS" signature="afterMethod(org.testng.ITestResult)[pri:0, instance:Testcase.TestCases@b9afc07]" name="afterMethod" is-config="true" duration-ms="0" started-at="2017-09-12T13:44:20Z" finished-at="2017-09-12T13:44:20Z">
          <params>
            <param index="0">
              <value>
                <![CDATA[[TestResult name=forward status=SUCCESS method=TestCases.forward()[pri:0, instance:Testcase.TestCases@b9afc07] output={null}]]]>
              </value>
            </param>
          </params>
          <reporter-output>
          </reporter-output>
        </test-method> <!-- afterMethod -->
        <test-method status="PASS" signature="beforeMethod(java.lang.reflect.Method)[pri:0, instance:Testcase.TestCases@b9afc07]" name="beforeMethod" is-config="true" duration-ms="0" started-at="2017-09-12T13:44:20Z" finished-at="2017-09-12T13:44:20Z">
          <params>
            <param index="0">
              <value>
                <![CDATA[public void Testcase.TestCases.listing() throws java.lang.Exception]]>
              </value>
            </param>
          </params>
          <reporter-output>
          </reporter-output>
        </test-method> <!-- beforeMethod -->
        <test-method status="PASS" signature="a()[pri:0, instance:Testcase.TestCases@b9afc07]" name="a" is-config="true" duration-ms="1905" started-at="2017-09-12T13:44:20Z" finished-at="2017-09-12T13:44:22Z">
          <reporter-output>
          </reporter-output>
        </test-method> <!-- a -->
        <test-method status="PASS" signature="listing()[pri:0, instance:Testcase.TestCases@b9afc07]" name="listing" duration-ms="64878" started-at="2017-09-12T13:44:22Z" finished-at="2017-09-12T13:45:27Z">
          <reporter-output>
          </reporter-output>
        </test-method> <!-- listing -->
        <test-method status="PASS" signature="afterMethod(org.testng.ITestResult)[pri:0, instance:Testcase.TestCases@b9afc07]" name="afterMethod" is-config="true" duration-ms="0" started-at="2017-09-12T13:45:27Z" finished-at="2017-09-12T13:45:27Z">
          <params>
            <param index="0">
              <value>
                <![CDATA[[TestResult name=listing status=SUCCESS method=TestCases.listing()[pri:0, instance:Testcase.TestCases@b9afc07] output={null}]]]>
              </value>
            </param>
          </params>
          <reporter-output>
          </reporter-output>
        </test-method> <!-- afterMethod -->
        <test-method status="PASS" signature="endTest()[pri:0, instance:Testcase.TestCases@b9afc07]" name="endTest" is-config="true" duration-ms="221" started-at="2017-09-12T13:45:27Z" finished-at="2017-09-12T13:45:27Z">
          <reporter-output>
          </reporter-output>
        </test-method> <!-- endTest -->
      </class> <!-- Testcase.TestCases -->
    </test> <!-- Test -->
  </suite> <!-- Suite -->
</testng-results>
