<?xml version="1.0" encoding="UTF-8"?>
<!-- Generated by org.testng.reporters.JUnitXMLReporter -->
<testsuite hostname="hd-4" ignored="1" name="testing" tests="2" failures="1" timestamp="27 Jun 2017 08:16:18 GMT" time="10.578" errors="0">
  <testcase name="testCase1" time="10.453" classname="gmail.Signin"/>
  <testcase name="testCase2" time="0.0" classname="gmail.Signin">
    <failure type="java.lang.NullPointerException">
      <![CDATA[java.lang.NullPointerException
	at gmail.Signin.testCase2(Signin.java:57)
... Removed 25 stack frames]]>
    </failure>
  </testcase> <!-- testCase2 -->
  <testcase name="testCase3" time="0.0" classname="gmail.Signin">
    <ignored/>
  </testcase> <!-- testCase3 -->
</testsuite> <!-- testing -->
