<?xml version="1.0" encoding="UTF-8"?>
<!-- Generated by org.testng.reporters.JUnitXMLReporter -->
<testsuite hostname="hd-4" ignored="0" name="Test" tests="4" failures="0" timestamp="26 Jun 2017 09:38:06 GMT" time="0.094" errors="0">
  <testcase name="firstTestCase" time="0.031" classname="samples.exam1"/>
  <testcase name="secondTestCase" time="0.0" classname="samples.exam1"/>
  <testcase name="firstTestCase" time="0.016" classname="samples.exam2"/>
  <testcase name="secondTestCase" time="0.0" classname="samples.exam2"/>
</testsuite> <!-- Test -->
