<?xml version="1.0" encoding="UTF-8"?>
<testng-results skipped="0" failed="0" ignored="0" total="1" passed="1">
  <reporter-output>
  </reporter-output>
  <suite name="Default suite" duration-ms="24513" started-at="2017-09-06T09:36:46Z" finished-at="2017-09-06T09:37:11Z">
    <groups>
    </groups>
    <test name="Default test" duration-ms="24513" started-at="2017-09-06T09:36:46Z" finished-at="2017-09-06T09:37:11Z">
      <class name="HowToDO">
        <test-method status="PASS" signature="setup()[pri:0, instance:HowToDO@4edc67]" name="setup" is-config="true" duration-ms="20800" started-at="2017-09-06T15:06:46Z" finished-at="2017-09-06T15:07:07Z">
          <reporter-output>
          </reporter-output>
        </test-method> <!-- setup -->
        <test-method status="PASS" signature="Text3()[pri:0, instance:HowToDO@4edc67]" name="Text3" duration-ms="2493" started-at="2017-09-06T15:07:07Z" finished-at="2017-09-06T15:07:10Z">
          <reporter-output>
          </reporter-output>
        </test-method> <!-- Text3 -->
        <test-method status="PASS" signature="tearDown()[pri:0, instance:HowToDO@4edc67]" name="tearDown" is-config="true" duration-ms="1165" started-at="2017-09-06T15:07:10Z" finished-at="2017-09-06T15:07:11Z">
          <reporter-output>
          </reporter-output>
        </test-method> <!-- tearDown -->
      </class> <!-- HowToDO -->
    </test> <!-- Default test -->
  </suite> <!-- Default suite -->
</testng-results>
