<?xml version="1.0" encoding="UTF-8"?>
<testng-results skipped="0" failed="0" ignored="1" total="3" passed="2">
  <reporter-output>
  </reporter-output>
  <suite name="Default suite" duration-ms="78" started-at="2017-07-21T09:12:33Z" finished-at="2017-07-21T09:12:33Z">
    <groups>
    </groups>
    <test name="Default test" duration-ms="78" started-at="2017-07-21T09:12:33Z" finished-at="2017-07-21T09:12:33Z">
      <class name="obj1.dependent">
        <test-method status="PASS" signature="OpenBrowser()[pri:0, instance:obj1.dependent@1aeed2f]" name="OpenBrowser" duration-ms="32" started-at="2017-07-21T14:42:33Z" finished-at="2017-07-21T14:42:33Z">
          <reporter-output>
          </reporter-output>
        </test-method> <!-- OpenBrowser -->
        <test-method status="PASS" signature="ZSignIn()[pri:0, instance:obj1.dependent@1aeed2f]" name="ZSignIn" duration-ms="0" started-at="2017-07-21T14:42:33Z" depends-on-methods="obj1.dependent.OpenBrowser" finished-at="2017-07-21T14:42:33Z">
          <reporter-output>
          </reporter-output>
        </test-method> <!-- ZSignIn -->
      </class> <!-- obj1.dependent -->
    </test> <!-- Default test -->
  </suite> <!-- Default suite -->
</testng-results>
