<?xml version="1.0" encoding="UTF-8"?>
<!-- Generated by org.testng.reporters.JUnitXMLReporter -->
<testsuite hostname="hd-4" ignored="0" name="Test" tests="7" failures="0" timestamp="26 Jun 2017 09:52:05 GMT" time="0.172" errors="0">
  <testcase name="firstTestCase" time="0.032" classname="samples.exam1"/>
  <testcase name="secondTestCase" time="0.0" classname="samples.exam1"/>
  <testcase name="firstTestCase" time="0.0" classname="samples.exam2"/>
  <testcase name="secondTestCase" time="0.0" classname="samples.exam2"/>
  <testcase name="method3" time="0.0" classname="samples.Dependency"/>
  <testcase name="method2" time="0.0" classname="samples.Dependency"/>
  <testcase name="method1" time="0.0" classname="samples.Dependency"/>
</testsuite> <!-- Test -->
