<?xml version="1.0" encoding="UTF-8"?>
<testng-results skipped="0" failed="0" ignored="0" total="1" passed="1">
  <reporter-output>
  </reporter-output>
  <suite name="Default suite" duration-ms="18047" started-at="2017-07-22T11:54:59Z" finished-at="2017-07-22T11:55:17Z">
    <groups>
    </groups>
    <test name="Default test" duration-ms="18047" started-at="2017-07-22T11:54:59Z" finished-at="2017-07-22T11:55:17Z">
      <class name="element.pomimport">
        <test-method status="PASS" signature="level()[pri:0, instance:element.pomimport@15530b9]" name="level" duration-ms="17953" started-at="2017-07-22T17:24:59Z" finished-at="2017-07-22T17:25:17Z">
          <reporter-output>
          </reporter-output>
        </test-method> <!-- level -->
      </class> <!-- element.pomimport -->
    </test> <!-- Default test -->
  </suite> <!-- Default suite -->
</testng-results>
